


ARM Macro Assembler    Page 1 


    1 00000000                 AREA             RESET, DATA, READONLY
    2 00000000                 EXPORT           __Vectors
    3 00000000         __Vectors
    4 00000000 40001000        DCD              0x40001000  ; stack pointer val
                                                            ue when stack is em
                                                            pty
    5 00000004 00000000        DCD              Reset_Handler ; reset vector
    6 00000008                 ALIGN
    7 00000008                 AREA             ascend, code, readonly
    8 00000000                 ENTRY
    9 00000000         Reset_Handler
   10 00000000 F04F 0400       mov              r4,#0
   11 00000004 F04F 010A       mov              r1,#10
   12 00000008 481A            ldr              r0, =list
   13 0000000A 4A1B            ldr              r2, =result
   14 0000000C 5903    up      ldr              r3, [r0,r4]
   15 0000000E 5113            str              r3, [r2,r4]
   16 00000010 F104 0404       add              r4, #04
   17 00000014 F1A1 0101       sub              r1,#01
   18 00000018 2900            cmp              r1,#00
   19 0000001A D8F7            bhi              up
   20 0000001C 4816            ldr              r0, =result
   21 0000001E         ; inner loop counter
   22 0000001E F04F 030A       mov              r3, #10
   23 00000022 F1A3 0301       sub              r3, r3, #1
   24 00000026 4699            mov              r9, r3      ; R9 contain no of 
                                                            passes
   25 00000028         ; outer loop counter 
   26 00000028 4605    outer_loop
                               mov              r5, r0
   27 0000002A 461C            mov              r4, r3      ; R4 contains no of
                                                             compare in a pass
   28 0000002C         inner_loop
   29 0000002C F855 6B04       ldr              r6, [r5], #4
   30 00000030 682F            ldr              r7, [r5]
   31 00000032 42B7            cmp              r7, r6
   32 00000034         ; swap without swp instruction
   33 00000034 BF9C 602E       strls            r6, [r5]
   34 00000038 F845 7C04       strls            r7, [r5, #-4]
   35 0000003C 1E64            subs             r4, r4, #1
   36 0000003E D1F5            bne              inner_loop
   37 00000040 F1A3 0301       sub              r3, #1
   38 00000044 F1B9 0901       subs             r9, r9, #1
   39 00000048 D1EE            bne              outer_loop
   40 0000004A 00 00 00000010 
              00000005 
              00000033 
              00000024 
              00000056 
              00000077 
              00000021 
              00000004 
              00000087 
              00000001 list    dcd              0x10,0x05,0x33,0x24,0x56,0x77,0
x21,0x04,0x87,0x01
   41 00000074 00000000 
              00000000 
              00000000         AREA             data1, data, readwrite
   42 00000000 00 00 00 



ARM Macro Assembler    Page 2 


              00 00 00 
              00 00 00 
              00 00 00 
              00 00 00 
              00 00 00 
              00 00    result  DCW              0,0,0,0,0,0,0,0,0,0
   43 00000014                 end
Command Line: --debug --xref --cpu=Cortex-M3 --apcs=interwork --depend=L4_sampl
e.d -oL4_sample.o -IC:\Keil\ARM\RV31\INC -IC:\Keil\ARM\CMSIS\Include -IC:\Keil\
ARM\Inc\NXP\LPC17xx --predefine="__EVAL SETA 1" --list=L4_sample.lst L4_sample.
s



ARM Macro Assembler    Page 1 Alphabetic symbol ordering
Relocatable symbols

RESET 00000000

Symbol: RESET
   Definitions
      At line 1 in file L4_sample.s
   Uses
      None
Comment: RESET unused
__Vectors 00000000

Symbol: __Vectors
   Definitions
      At line 3 in file L4_sample.s
   Uses
      At line 2 in file L4_sample.s
Comment: __Vectors used once
2 symbols



ARM Macro Assembler    Page 1 Alphabetic symbol ordering
Relocatable symbols

Reset_Handler 00000000

Symbol: Reset_Handler
   Definitions
      At line 9 in file L4_sample.s
   Uses
      At line 5 in file L4_sample.s
Comment: Reset_Handler used once
ascend 00000000

Symbol: ascend
   Definitions
      At line 7 in file L4_sample.s
   Uses
      None
Comment: ascend unused
inner_loop 0000002C

Symbol: inner_loop
   Definitions
      At line 28 in file L4_sample.s
   Uses
      At line 36 in file L4_sample.s
Comment: inner_loop used once
list 0000004C

Symbol: list
   Definitions
      At line 40 in file L4_sample.s
   Uses
      At line 12 in file L4_sample.s
Comment: list used once
outer_loop 00000028

Symbol: outer_loop
   Definitions
      At line 26 in file L4_sample.s
   Uses
      At line 39 in file L4_sample.s
Comment: outer_loop used once
up 0000000C

Symbol: up
   Definitions
      At line 14 in file L4_sample.s
   Uses
      At line 19 in file L4_sample.s
Comment: up used once
6 symbols



ARM Macro Assembler    Page 1 Alphabetic symbol ordering
Relocatable symbols

data1 00000000

Symbol: data1
   Definitions
      At line 41 in file L4_sample.s
   Uses
      None
Comment: data1 unused
result 00000000

Symbol: result
   Definitions
      At line 42 in file L4_sample.s
   Uses
      At line 13 in file L4_sample.s
      At line 20 in file L4_sample.s

2 symbols
343 symbols in table
