


ARM Macro Assembler    Page 1 


    1 00000000                 AREA             RESET, DATA, READONLY
    2 00000000                 EXPORT           __Vectors
    3 00000000         
    4 00000000         __Vectors
    5 00000000 100000FF        DCD              0x100000FF  ; stack pointer val
                                                            ue when stack is em
                                                            pty
    6 00000004 00000000        DCD              Reset_Handler ; reset vector
    7 00000008         
    8 00000008                 ALIGN
    9 00000008         
   10 00000008                 AREA             mycode, CODE, READONLY
   11 00000000                 EXPORT           Reset_Handler
   12 00000000                 ENTRY
   13 00000000         
   14 00000000         Reset_Handler
   15 00000000 4808            LDR              R0,=N1
   16 00000002 6801            LDR              R1,[R0]
   17 00000004 4808            LDR              R0, =N2
   18 00000006 6802            LDR              R2,[R0]
   19 00000008         LOOP
   20 00000008 185B            ADDS             R3,R1
   21 0000000A F154 0400       ADCS             R4,#0
   22 0000000E 3A01            SUBS             R2,#1
   23 00000010 D1FA            BNE              LOOP
   24 00000012 4806            LDR              R0,=RES
   25 00000014 F840 3B04       STR              R3,[R0],#4
   26 00000018 6004            STR              R4,[R0]
   27 0000001A         STOP
   28 0000001A E7FE            B                STOP
   29 0000001C 78459845 
                       N1      DCD              0X78459845
   30 00000020 00000006 
                       N2      DCD              0X00000006
   31 00000024 00000000 
              00000000 
              00000000         AREA             mydata, DATA, READWRITE
   32 00000000 00000000 
                       RES     DCD              0
   33 00000004                 END
Command Line: --debug --xref --cpu=Cortex-M3 --apcs=interwork --depend=.\q1.d -
o.\q1.o -IC:\Keil\ARM\RV31\INC -IC:\Keil\ARM\CMSIS\Include -IC:\Keil\ARM\Inc\NX
P\LPC17xx --predefine="__EVAL SETA 1" --list=.\q1.lst ..\L3\q1.s



ARM Macro Assembler    Page 1 Alphabetic symbol ordering
Relocatable symbols

RESET 00000000

Symbol: RESET
   Definitions
      At line 1 in file ..\L3\q1.s
   Uses
      None
Comment: RESET unused
__Vectors 00000000

Symbol: __Vectors
   Definitions
      At line 4 in file ..\L3\q1.s
   Uses
      At line 2 in file ..\L3\q1.s
Comment: __Vectors used once
2 symbols



ARM Macro Assembler    Page 1 Alphabetic symbol ordering
Relocatable symbols

LOOP 00000008

Symbol: LOOP
   Definitions
      At line 19 in file ..\L3\q1.s
   Uses
      At line 23 in file ..\L3\q1.s
Comment: LOOP used once
N1 0000001C

Symbol: N1
   Definitions
      At line 29 in file ..\L3\q1.s
   Uses
      At line 15 in file ..\L3\q1.s
Comment: N1 used once
N2 00000020

Symbol: N2
   Definitions
      At line 30 in file ..\L3\q1.s
   Uses
      At line 17 in file ..\L3\q1.s
Comment: N2 used once
Reset_Handler 00000000

Symbol: Reset_Handler
   Definitions
      At line 14 in file ..\L3\q1.s
   Uses
      At line 6 in file ..\L3\q1.s
      At line 11 in file ..\L3\q1.s

STOP 0000001A

Symbol: STOP
   Definitions
      At line 27 in file ..\L3\q1.s
   Uses
      At line 28 in file ..\L3\q1.s
Comment: STOP used once
mycode 00000000

Symbol: mycode
   Definitions
      At line 10 in file ..\L3\q1.s
   Uses
      None
Comment: mycode unused
6 symbols



ARM Macro Assembler    Page 1 Alphabetic symbol ordering
Relocatable symbols

RES 00000000

Symbol: RES
   Definitions
      At line 32 in file ..\L3\q1.s
   Uses
      At line 24 in file ..\L3\q1.s
Comment: RES used once
mydata 00000000

Symbol: mydata
   Definitions
      At line 31 in file ..\L3\q1.s
   Uses
      None
Comment: mydata unused
2 symbols
343 symbols in table
