


ARM Macro Assembler    Page 1 


    1 00000000                 AREA             RESET, CODE, READONLY
    2 00000000                 EXPORT           __Vectors
    3 00000000         __Vectors
    4 00000000 10001000        DCD              0x10001000
    5 00000004 00000000        DCD              Reset_Handler
    6 00000008         
    7 00000008                 AREA             myCode, CODE, READONLY
    8 00000000                 ENTRY
    9 00000000                 EXPORT           Reset_Handler
   10 00000000         Reset_Handler
   11 00000000 480F            LDR              R0,=SRC
   12 00000002 6801            LDR              R1,[R0]
   13 00000004 F8DF 803C       LDR              R8,=DST
   14 00000008 F04F 020A       MOV              R2,#0X0A
   15 0000000C 4291            CMP              R1,R2
   16 0000000E BF28 F000 
              F800             BLCS             CONV
   17 00000014 EBA1 0102 
                       CONV    SUB              R1,R2
   18 00000018 F103 0301       ADD              R3,#01
   19 0000001C F04F 0708       MOV              R7,#08
   20 00000020 4291    UP      CMP              R1,R2
   21 00000022 D2F7            BCS              CONV
   22 00000024 4770            BX               LR
   23 00000026 EA46 0601       ORR              R6,R1
   24 0000002A 4619            MOV              R1,R3
   25 0000002C F04F 0300       MOV              R3,#0
   26 00000030 EA4F 1636       ROR              R6,#4
   27 00000034 F1A7 0707       SUB              R7,#07
   28 00000038 D1F2            BNE              UP
   29 0000003A         STOP
   30 0000003A E7FE            B                STOP
   31 0000003C 0000ABCD 
                       SRC     DCD              0xABCD
   32 00000040 00000000 
              00000000         AREA             MYDATA, DATA, READWRITE
   33 00000000 00000000 
                       DST     DCD              0x0
   34 00000004                 END
Command Line: --debug --xref --cpu=Cortex-M3 --apcs=interwork --depend=.\Q3.d -
o.\Q3.o -IC:\Keil\ARM\RV31\INC -IC:\Keil\ARM\CMSIS\Include -IC:\Keil\ARM\Inc\NX
P\LPC17xx --predefine="__EVAL SETA 1" --list=.\Q3.lst ..\L3\Q3.S



ARM Macro Assembler    Page 1 Alphabetic symbol ordering
Relocatable symbols

RESET 00000000

Symbol: RESET
   Definitions
      At line 1 in file ..\L3\Q3.S
   Uses
      None
Comment: RESET unused
__Vectors 00000000

Symbol: __Vectors
   Definitions
      At line 3 in file ..\L3\Q3.S
   Uses
      At line 2 in file ..\L3\Q3.S
Comment: __Vectors used once
2 symbols



ARM Macro Assembler    Page 1 Alphabetic symbol ordering
Relocatable symbols

CONV 00000014

Symbol: CONV
   Definitions
      At line 17 in file ..\L3\Q3.S
   Uses
      At line 16 in file ..\L3\Q3.S
      At line 21 in file ..\L3\Q3.S

Reset_Handler 00000000

Symbol: Reset_Handler
   Definitions
      At line 10 in file ..\L3\Q3.S
   Uses
      At line 5 in file ..\L3\Q3.S
      At line 9 in file ..\L3\Q3.S

SRC 0000003C

Symbol: SRC
   Definitions
      At line 31 in file ..\L3\Q3.S
   Uses
      At line 11 in file ..\L3\Q3.S
Comment: SRC used once
STOP 0000003A

Symbol: STOP
   Definitions
      At line 29 in file ..\L3\Q3.S
   Uses
      At line 30 in file ..\L3\Q3.S
Comment: STOP used once
UP 00000020

Symbol: UP
   Definitions
      At line 20 in file ..\L3\Q3.S
   Uses
      At line 28 in file ..\L3\Q3.S
Comment: UP used once
myCode 00000000

Symbol: myCode
   Definitions
      At line 7 in file ..\L3\Q3.S
   Uses
      None
Comment: myCode unused
6 symbols



ARM Macro Assembler    Page 1 Alphabetic symbol ordering
Relocatable symbols

DST 00000000

Symbol: DST
   Definitions
      At line 33 in file ..\L3\Q3.S
   Uses
      At line 13 in file ..\L3\Q3.S
Comment: DST used once
MYDATA 00000000

Symbol: MYDATA
   Definitions
      At line 32 in file ..\L3\Q3.S
   Uses
      None
Comment: MYDATA unused
2 symbols
343 symbols in table
