


ARM Macro Assembler    Page 1 


    1 00000000                 AREA             RESET,DATA, READONLY 
                                                            ;OVERLAPPING
    2 00000000                 EXPORT           __Vectors
    3 00000000         __Vectors
    4 00000000 40001000        DCD              0x40001000
    5 00000004 00000000        DCD              Reset_Handler
    6 00000008                 ALIGN
    7 00000008                 AREA             mycode, CODE, READONLY
    8 00000000                 ENTRY
    9 00000000                 EXPORT           Reset_Handler
   10 00000000         Reset_Handler
   11 00000000 4805            LDR              R0,=SRC+(LEN-1)*4
   12 00000002 4906            LDR              R1,=SRC+((LEN-1)+SHIFT)*4
   13 00000004 F04F 030A       MOV              R3,LEN
   14 00000008 F850 2904 
                       BACK    LDR              R2,[R0],#-4
   15 0000000C F841 2904       STR              R2,[R1],#-4
   16 00000010 3B01            SUBS             R3,#1
   17 00000012 D1F9            BNE              BACK
   18 00000014 E7FE    STOP    B                STOP
   19 00000016 0000000A 
                       LEN     EQU              10
   20 00000016 00000003 
                       SHIFT   EQU              3
   21 00000016 00 00 00000024 
              00000030         AREA             MYDATA,DATA,READWRITE
   22 00000000 00000000 
              00000000 
              00000000 
              00000000 
              00000000 
              00000000 
              00000000 
              00000000 
              00000000 
              00000000 
              00000000 
              00000000 
              00000000 SRC     DCD              0,0,0,0,0,0,0,0,0,0,0,0,0
   23 00000034         END
                       
Command Line: --debug --xref --cpu=Cortex-M3 --apcs=interwork --depend=1Q.d -o1
Q.o -IC:\Keil\ARM\RV31\INC -IC:\Keil\ARM\CMSIS\Include -IC:\Keil\ARM\Inc\NXP\LP
C17xx --predefine="__EVAL SETA 1" --list=1Q.lst 1Q.ASM



ARM Macro Assembler    Page 1 Alphabetic symbol ordering
Relocatable symbols

RESET 00000000

Symbol: RESET
   Definitions
      At line 1 in file 1Q.ASM
   Uses
      None
Comment: RESET unused
__Vectors 00000000

Symbol: __Vectors
   Definitions
      At line 3 in file 1Q.ASM
   Uses
      At line 2 in file 1Q.ASM
Comment: __Vectors used once
2 symbols



ARM Macro Assembler    Page 1 Alphabetic symbol ordering
Relocatable symbols

BACK 00000008

Symbol: BACK
   Definitions
      At line 14 in file 1Q.ASM
   Uses
      At line 17 in file 1Q.ASM
Comment: BACK used once
Reset_Handler 00000000

Symbol: Reset_Handler
   Definitions
      At line 10 in file 1Q.ASM
   Uses
      At line 5 in file 1Q.ASM
      At line 9 in file 1Q.ASM

STOP 00000014

Symbol: STOP
   Definitions
      At line 18 in file 1Q.ASM
   Uses
      At line 18 in file 1Q.ASM
Comment: STOP used once
mycode 00000000

Symbol: mycode
   Definitions
      At line 7 in file 1Q.ASM
   Uses
      None
Comment: mycode unused
4 symbols



ARM Macro Assembler    Page 1 Alphabetic symbol ordering
Relocatable symbols

END 00000034

Symbol: END
   Definitions
      At line 23 in file 1Q.ASM
   Uses
      None
Comment: END unused
MYDATA 00000000

Symbol: MYDATA
   Definitions
      At line 21 in file 1Q.ASM
   Uses
      None
Comment: MYDATA unused
SRC 00000000

Symbol: SRC
   Definitions
      At line 22 in file 1Q.ASM
   Uses
      At line 11 in file 1Q.ASM
      At line 12 in file 1Q.ASM

3 symbols



ARM Macro Assembler    Page 1 Alphabetic symbol ordering
Absolute symbols

LEN 0000000A

Symbol: LEN
   Definitions
      At line 19 in file 1Q.ASM
   Uses
      At line 11 in file 1Q.ASM
      At line 12 in file 1Q.ASM
      At line 13 in file 1Q.ASM

SHIFT 00000003

Symbol: SHIFT
   Definitions
      At line 20 in file 1Q.ASM
   Uses
      At line 12 in file 1Q.ASM
Comment: SHIFT used once
2 symbols
344 symbols in table
