


ARM Macro Assembler    Page 1 


    1 00000000                 AREA             RESET,DATA, READONLY 
                                                            ;OVERLAPPING
    2 00000000                 EXPORT           __Vectors
    3 00000000         __Vectors
    4 00000000 40001000        DCD              0x40001000
    5 00000004 00000000        DCD              Reset_Handler
    6 00000008                 ALIGN
    7 00000008                 AREA             mycode, CODE, READONLY
    8 00000000                 ENTRY
    9 00000000                 EXPORT           Reset_Handler
   10 00000000         Reset_Handler
   11 00000000 4806            LDR              R0,=SRC
   12 00000002 4907            LDR              R1,=SRC+(LEN-1)*4 ;
   13 00000004 F04F 0305       MOV              R3,LEN
   14 00000008 6802    BACK    LDR              R2,[R0]
   15 0000000A 680C            LDR              R4,[R1]
   16 0000000C F840 4B04       STR              R4,[R0],#4
   17 00000010 F841 2904       STR              R2,[R1],#-4
   18 00000014 3B01            SUBS             R3,#1
   19 00000016 D1F7            BNE              BACK
   20 00000018 E7FE    STOP    B                STOP
   21 0000001A 00000005 
                       LEN     EQU              5
   22 0000001A 00 00 00000000 
              00000010         AREA             MYDATA,DATA,READWRITE
   23 00000000 00000000 
              00000000 
              00000000 
              00000000 
              00000000 
              00000000 
              00000000 
              00000000 
              00000000 
              00000000 SRC     DCD              0,0,0,0,0,0,0,0,0,0
   24 00000028         END
                       
Command Line: --debug --xref --cpu=Cortex-M3 --apcs=interwork --depend=2Q.d -o2
Q.o -IC:\Keil\ARM\RV31\INC -IC:\Keil\ARM\CMSIS\Include -IC:\Keil\ARM\Inc\NXP\LP
C17xx --predefine="__EVAL SETA 1" --list=2Q.lst 2Q.ASM



ARM Macro Assembler    Page 1 Alphabetic symbol ordering
Relocatable symbols

RESET 00000000

Symbol: RESET
   Definitions
      At line 1 in file 2Q.ASM
   Uses
      None
Comment: RESET unused
__Vectors 00000000

Symbol: __Vectors
   Definitions
      At line 3 in file 2Q.ASM
   Uses
      At line 2 in file 2Q.ASM
Comment: __Vectors used once
2 symbols



ARM Macro Assembler    Page 1 Alphabetic symbol ordering
Relocatable symbols

BACK 00000008

Symbol: BACK
   Definitions
      At line 14 in file 2Q.ASM
   Uses
      At line 19 in file 2Q.ASM
Comment: BACK used once
Reset_Handler 00000000

Symbol: Reset_Handler
   Definitions
      At line 10 in file 2Q.ASM
   Uses
      At line 5 in file 2Q.ASM
      At line 9 in file 2Q.ASM

STOP 00000018

Symbol: STOP
   Definitions
      At line 20 in file 2Q.ASM
   Uses
      At line 20 in file 2Q.ASM
Comment: STOP used once
mycode 00000000

Symbol: mycode
   Definitions
      At line 7 in file 2Q.ASM
   Uses
      None
Comment: mycode unused
4 symbols



ARM Macro Assembler    Page 1 Alphabetic symbol ordering
Relocatable symbols

END 00000028

Symbol: END
   Definitions
      At line 24 in file 2Q.ASM
   Uses
      None
Comment: END unused
MYDATA 00000000

Symbol: MYDATA
   Definitions
      At line 22 in file 2Q.ASM
   Uses
      None
Comment: MYDATA unused
SRC 00000000

Symbol: SRC
   Definitions
      At line 23 in file 2Q.ASM
   Uses
      At line 11 in file 2Q.ASM
      At line 12 in file 2Q.ASM

3 symbols



ARM Macro Assembler    Page 1 Alphabetic symbol ordering
Absolute symbols

LEN 00000005

Symbol: LEN
   Definitions
      At line 21 in file 2Q.ASM
   Uses
      At line 12 in file 2Q.ASM
      At line 13 in file 2Q.ASM

1 symbol
343 symbols in table
