


ARM Macro Assembler    Page 1 


    1 00000000                 AREA             RESET,DATA, READONLY
    2 00000000                 EXPORT           __Vectors
    3 00000000         __Vectors
    4 00000000 40001000        DCD              0x40001000
    5 00000004 00000000        DCD              Reset_Handler
    6 00000008                 ALIGN
    7 00000008                 AREA             mycode, CODE, READONLY
    8 00000000                 ENTRY
    9 00000000                 EXPORT           Reset_Handler
   10 00000000         Reset_Handler
   11 00000000 4809            LDR              R0, =SRC
   12 00000002 4A0A            LDR              R2, =DST
   13 00000004         
   14 00000004 F850 1B04       LDR              R1, [R0],#4
   15 00000008         
   16 00000008 F842 1B04       STR              R1, [R2],#4
   17 0000000C         
   18 0000000C F850 1B04       LDR              R1, [R0],#4
   19 00000010         
   20 00000010 F842 1B04       STR              R1, [R2],#4
   21 00000014 6801            LDR              R1, [R0]
   22 00000016 6011            STR              R1, [R2]
   23 00000018         
   24 00000018 E7FE    STOP    B                STOP
   25 0000001A 00 00 00341234 
              004567A1 
              00343467 SRC     DCD              0x341234,0x4567A1,0X343467
   26 00000028 00000000 
              00000000         AREA             DATA1, DATA, READWRITE
   27 00000000         
   28 00000000 00000000 
                       DST     DCD              0
   29 00000004                 END
Command Line: --debug --xref --cpu=Cortex-M3 --apcs=interwork --depend=1Q.d -o1
Q.o -IC:\Keil\ARM\RV31\INC -IC:\Keil\ARM\CMSIS\Include -IC:\Keil\ARM\Inc\NXP\LP
C17xx --predefine="__EVAL SETA 1" --list=1Q.lst 1Q.asm



ARM Macro Assembler    Page 1 Alphabetic symbol ordering
Relocatable symbols

RESET 00000000

Symbol: RESET
   Definitions
      At line 1 in file 1Q.asm
   Uses
      None
Comment: RESET unused
__Vectors 00000000

Symbol: __Vectors
   Definitions
      At line 3 in file 1Q.asm
   Uses
      At line 2 in file 1Q.asm
Comment: __Vectors used once
2 symbols



ARM Macro Assembler    Page 1 Alphabetic symbol ordering
Relocatable symbols

Reset_Handler 00000000

Symbol: Reset_Handler
   Definitions
      At line 10 in file 1Q.asm
   Uses
      At line 5 in file 1Q.asm
      At line 9 in file 1Q.asm

SRC 0000001C

Symbol: SRC
   Definitions
      At line 25 in file 1Q.asm
   Uses
      At line 11 in file 1Q.asm
Comment: SRC used once
STOP 00000018

Symbol: STOP
   Definitions
      At line 24 in file 1Q.asm
   Uses
      At line 24 in file 1Q.asm
Comment: STOP used once
mycode 00000000

Symbol: mycode
   Definitions
      At line 7 in file 1Q.asm
   Uses
      None
Comment: mycode unused
4 symbols



ARM Macro Assembler    Page 1 Alphabetic symbol ordering
Relocatable symbols

DATA1 00000000

Symbol: DATA1
   Definitions
      At line 26 in file 1Q.asm
   Uses
      None
Comment: DATA1 unused
DST 00000000

Symbol: DST
   Definitions
      At line 28 in file 1Q.asm
   Uses
      At line 12 in file 1Q.asm
Comment: DST used once
2 symbols
341 symbols in table
