


ARM Macro Assembler    Page 1 


    1 00000000                 AREA             RESET,DATA,READONLY
    2 00000000                 EXPORT           __Vectors
    3 00000000         __Vectors
    4 00000000 10001000        DCD              0X10001000
    5 00000004 00000000        DCD              Reset_Handler
    6 00000008                 ALIGN
    7 00000008                 AREA             MYCODE,CODE,READONLY
    8 00000000                 ENTRY
    9 00000000                 EXPORT           Reset_Handler
   10 00000000         Reset_Handler
   11 00000000 480A            LDR              R0,=SRC1
   12 00000002 490B            LDR              R1,=DST
   13 00000004 F850 2B04       LDR              R2,[R0],#4
   14 00000008 F841 2B04       STR              R2,[R1],#4
   15 0000000C F850 2B04       LDR              R2,[R0],#4
   16 00000010 F841 2B04       STR              R2,[R1],#4
   17 00000014 F850 2B04       LDR              R2,[R0],#4
   18 00000018 F841 2B04       STR              R2,[R1],#4
   19 0000001C E7FE    STOP    B                STOP
   20 0000001E 00 00 00000034 
              00000032 
              00000056 SRC1    DCD              0x34,0x32,0x56
   21 0000002C 00000000 
              00000000         AREA             mydata,DATA,READWRITE
   22 00000000 00000000 
              00000000 
              00000000 DST     DCD              0,0,0
   23 0000000C                 END
Command Line: --debug --xref --cpu=Cortex-M3 --apcs=interwork --depend=text.d -
otext.o -IC:\Keil\ARM\RV31\INC -IC:\Keil\ARM\CMSIS\Include -IC:\Keil\ARM\Inc\NX
P\LPC17xx --predefine="__EVAL SETA 1" --list=text.lst text.asm



ARM Macro Assembler    Page 1 Alphabetic symbol ordering
Relocatable symbols

RESET 00000000

Symbol: RESET
   Definitions
      At line 1 in file text.asm
   Uses
      None
Comment: RESET unused
__Vectors 00000000

Symbol: __Vectors
   Definitions
      At line 3 in file text.asm
   Uses
      At line 2 in file text.asm
Comment: __Vectors used once
2 symbols



ARM Macro Assembler    Page 1 Alphabetic symbol ordering
Relocatable symbols

MYCODE 00000000

Symbol: MYCODE
   Definitions
      At line 7 in file text.asm
   Uses
      None
Comment: MYCODE unused
Reset_Handler 00000000

Symbol: Reset_Handler
   Definitions
      At line 10 in file text.asm
   Uses
      At line 5 in file text.asm
      At line 9 in file text.asm

SRC1 00000020

Symbol: SRC1
   Definitions
      At line 20 in file text.asm
   Uses
      At line 11 in file text.asm
Comment: SRC1 used once
STOP 0000001C

Symbol: STOP
   Definitions
      At line 19 in file text.asm
   Uses
      At line 19 in file text.asm
Comment: STOP used once
4 symbols



ARM Macro Assembler    Page 1 Alphabetic symbol ordering
Relocatable symbols

DST 00000000

Symbol: DST
   Definitions
      At line 22 in file text.asm
   Uses
      At line 12 in file text.asm
Comment: DST used once
mydata 00000000

Symbol: mydata
   Definitions
      At line 21 in file text.asm
   Uses
      None
Comment: mydata unused
2 symbols
341 symbols in table
