


ARM Macro Assembler    Page 1 


    1 00000000                 AREA             RESET,DATA, READONLY 
                                                            ;OVERLAPPING
    2 00000000                 EXPORT           __Vectors
    3 00000000         __Vectors
    4 00000000 40001000        DCD              0x40001000
    5 00000004 00000000        DCD              Reset_Handler
    6 00000008                 ALIGN
    7 00000008                 AREA             mycode, CODE, READONLY
    8 00000000                 ENTRY
    9 00000000                 EXPORT           Reset_Handler
   10 00000000         Reset_Handler
   11 00000000 4913            LDR              R1,=SRC
   12 00000002 4A14            LDR              R2,=DST
   13 00000004 F04F 030A       MOV              R3,#10
   14 00000008 F04F 0400       MOV              R4,#0
   15 0000000C F04F 0500       MOV              R5,#0
   16 00000010         BACK
   17 00000010 F851 6B04       LDR              R6,[R1],#4
   18 00000014 19AD            ADDS             R5,R6
   19 00000016 F144 0400       ADC              R4,#0
   20 0000001A 3B01            SUBS             R3,#1
   21 0000001C D1F8            BNE              BACK
   22 0000001E F842 4B04       STR              R4,[R2],#4
   23 00000022 6015            STR              R5,[R2]
   24 00000024 E7FE    STOP    B                STOP
   25 00000026 00 00 00000001 
              00000002 
              00000003 
              00000004 
              00000005 
              00000006 
              00000007 
              00000008 
              FFFFFFFF 
              FFFFFFFF SRC     DCD              0x1,0x2,0x3,0x4,0x5,0x6,0x7,0x8
,0xffffffff,0xffffffff
   26 00000050 00000000 
              00000000         AREA             DATA1, DATA, READWRITE
   27 00000000 00000000 
                       DST     DCD              0
   28 00000004         END
                       
Command Line: --debug --xref --cpu=Cortex-M3 --apcs=interwork --depend=1q.d -o1
q.o -IC:\Keil\ARM\RV31\INC -IC:\Keil\ARM\CMSIS\Include -IC:\Keil\ARM\Inc\NXP\LP
C17xx --predefine="__EVAL SETA 1" --list=1q.lst 1q.asm



ARM Macro Assembler    Page 1 Alphabetic symbol ordering
Relocatable symbols

RESET 00000000

Symbol: RESET
   Definitions
      At line 1 in file 1q.asm
   Uses
      None
Comment: RESET unused
__Vectors 00000000

Symbol: __Vectors
   Definitions
      At line 3 in file 1q.asm
   Uses
      At line 2 in file 1q.asm
Comment: __Vectors used once
2 symbols



ARM Macro Assembler    Page 1 Alphabetic symbol ordering
Relocatable symbols

BACK 00000010

Symbol: BACK
   Definitions
      At line 16 in file 1q.asm
   Uses
      At line 21 in file 1q.asm
Comment: BACK used once
Reset_Handler 00000000

Symbol: Reset_Handler
   Definitions
      At line 10 in file 1q.asm
   Uses
      At line 5 in file 1q.asm
      At line 9 in file 1q.asm

SRC 00000028

Symbol: SRC
   Definitions
      At line 25 in file 1q.asm
   Uses
      At line 11 in file 1q.asm
Comment: SRC used once
STOP 00000024

Symbol: STOP
   Definitions
      At line 24 in file 1q.asm
   Uses
      At line 24 in file 1q.asm
Comment: STOP used once
mycode 00000000

Symbol: mycode
   Definitions
      At line 7 in file 1q.asm
   Uses
      None
Comment: mycode unused
5 symbols



ARM Macro Assembler    Page 1 Alphabetic symbol ordering
Relocatable symbols

DATA1 00000000

Symbol: DATA1
   Definitions
      At line 26 in file 1q.asm
   Uses
      None
Comment: DATA1 unused
DST 00000000

Symbol: DST
   Definitions
      At line 27 in file 1q.asm
   Uses
      At line 12 in file 1q.asm
Comment: DST used once
END 00000004

Symbol: END
   Definitions
      At line 28 in file 1q.asm
   Uses
      None
Comment: END unused
3 symbols
343 symbols in table
