


ARM Macro Assembler    Page 1 


    1 00000000                 AREA             RESET,DATA, READONLY 
                                                            ;OVERLAPPING
    2 00000000                 EXPORT           __Vectors
    3 00000000         __Vectors
    4 00000000 40001000        DCD              0x40001000
    5 00000004 00000000        DCD              Reset_Handler
    6 00000008                 ALIGN
    7 00000008                 AREA             mycode, CODE, READONLY
    8 00000000                 ENTRY
    9 00000000                 EXPORT           Reset_Handler
   10 00000000         Reset_Handler
   11 00000000 4917            LDR              R1,=SRC
   12 00000002 4A18            LDR              R2,=DST
   13 00000004 4B18            LDR              R3,=ANS
   14 00000006 F04F 0404       MOV              R4,#4
   15 0000000A F04F 0500       MOV              R5,#0
   16 0000000E F04F 0600       mov              R6,#0       ;CARRY
   17 00000012 F04F 0900       MOV              R9,#0       ;CARRY
   18 00000016         BACK
   19 00000016 F851 7B04       LDR              R7,[R1],#4
   20 0000001A F852 8B04       LDR              R8,[R2],#4
   21 0000001E EB17 0508       ADDS             R5,R7,R8
   22 00000022 F04F 0900       MOV              R9,#0
   23 00000026 F149 0900       ADC              R9,#0
   24 0000002A 19AD            ADDS             R5,R6
   25 0000002C F04F 0600       MOV              R6,#0
   26 00000030 EB46 0609       ADC              R6,R9
   27 00000034         
   28 00000034 F843 5B04       STR              R5,[R3],#4
   29 00000038 3C01            SUBS             R4,#1
   30 0000003A D1EC            BNE              BACK
   31 0000003C 601E            STR              R6,[R3]
   32 0000003E E7FE    STOP    B                STOP
   33 00000040 FFFFFFFF 
              FFFFFFFF 
              FFFFFFFF 
              FFFFFFFF SRC     DCD              0xfFFFFFFF,0xfFFFFFFF,0xfFFFFFF
F,0xfFFFFFFF
   34 00000050 FFFFFFFF 
              FFFFFFFF 
              FFFFFFFF 
              FFFFFFFF DST     DCD              0xfFFFFFFF,0xfFFFFFFF,0xfFFFFFF
F,0xfFFFFFFF
   35 00000060 00000000 
              00000000 
              00000000         AREA             DATA1, DATA, READWRITE
   36 00000000 00000000 
                       ANS     DCD              0
   37 00000004         END
                       
Command Line: --debug --xref --cpu=Cortex-M3 --apcs=interwork --depend=2q.d -o2
q.o -IC:\Keil\ARM\RV31\INC -IC:\Keil\ARM\CMSIS\Include -IC:\Keil\ARM\Inc\NXP\LP
C17xx --predefine="__EVAL SETA 1" --list=2q.lst 2q.asm



ARM Macro Assembler    Page 1 Alphabetic symbol ordering
Relocatable symbols

RESET 00000000

Symbol: RESET
   Definitions
      At line 1 in file 2q.asm
   Uses
      None
Comment: RESET unused
__Vectors 00000000

Symbol: __Vectors
   Definitions
      At line 3 in file 2q.asm
   Uses
      At line 2 in file 2q.asm
Comment: __Vectors used once
2 symbols



ARM Macro Assembler    Page 1 Alphabetic symbol ordering
Relocatable symbols

BACK 00000016

Symbol: BACK
   Definitions
      At line 18 in file 2q.asm
   Uses
      At line 30 in file 2q.asm
Comment: BACK used once
DST 00000050

Symbol: DST
   Definitions
      At line 34 in file 2q.asm
   Uses
      At line 12 in file 2q.asm
Comment: DST used once
Reset_Handler 00000000

Symbol: Reset_Handler
   Definitions
      At line 10 in file 2q.asm
   Uses
      At line 5 in file 2q.asm
      At line 9 in file 2q.asm

SRC 00000040

Symbol: SRC
   Definitions
      At line 33 in file 2q.asm
   Uses
      At line 11 in file 2q.asm
Comment: SRC used once
STOP 0000003E

Symbol: STOP
   Definitions
      At line 32 in file 2q.asm
   Uses
      At line 32 in file 2q.asm
Comment: STOP used once
mycode 00000000

Symbol: mycode
   Definitions
      At line 7 in file 2q.asm
   Uses
      None
Comment: mycode unused
6 symbols



ARM Macro Assembler    Page 1 Alphabetic symbol ordering
Relocatable symbols

ANS 00000000

Symbol: ANS
   Definitions
      At line 36 in file 2q.asm
   Uses
      At line 13 in file 2q.asm
Comment: ANS used once
DATA1 00000000

Symbol: DATA1
   Definitions
      At line 35 in file 2q.asm
   Uses
      None
Comment: DATA1 unused
END 00000004

Symbol: END
   Definitions
      At line 37 in file 2q.asm
   Uses
      None
Comment: END unused
3 symbols
344 symbols in table
