


ARM Macro Assembler    Page 1 


    1 00000000                 AREA             RESET,DATA, READONLY
    2 00000000                 EXPORT           __Vectors
    3 00000000         __Vectors
    4 00000000 40001000        DCD              0x40001000
    5 00000004 00000000        DCD              Reset_Handler
    6 00000008                 ALIGN
    7 00000008                 AREA             mycode, CODE, READONLY
    8 00000000                 ENTRY
    9 00000000                 EXPORT           Reset_Handler
   10 00000000         Reset_Handler
   11 00000000 4909            LDR              R1,=SRC
   12 00000002 4A0A            LDR              R2,=DST
   13 00000004 4B0A            LDR              R3,=ANS
   14 00000006 F04F 0501       MOV              R5,#1
   15 0000000A F04F 0600       MOV              R6,#0
   16 0000000E 6809            LDR              R1,[R1]
   17 00000010 6812            LDR              R2,[R2]
   18 00000012 1A8E            SUBS             R6,R1,R2
   19 00000014 F175 0500       SBCS             R5,#0
   20 00000018 F843 5B04       STR              R5,[R3],#4
   21 0000001C 601E            STR              R6,[R3]
   22 0000001E E7FE    STOP    B                STOP
   23 00000020 33332222 
                       SRC     DCD              0x33332222
   24 00000024 22222222 
                       DST     DCD              0x22222222
   25 00000028 00000000 
              00000000 
              00000000         AREA             DATA1, DATA, READWRITE
   26 00000000 00000000 
                       ANS     DCD              0
   27 00000004         END
                       
Command Line: --debug --xref --cpu=Cortex-M3 --apcs=interwork --depend=3Q.d -o3
Q.o -IC:\Keil\ARM\RV31\INC -IC:\Keil\ARM\CMSIS\Include -IC:\Keil\ARM\Inc\NXP\LP
C17xx --predefine="__EVAL SETA 1" --list=3Q.lst 3Q.ASM



ARM Macro Assembler    Page 1 Alphabetic symbol ordering
Relocatable symbols

RESET 00000000

Symbol: RESET
   Definitions
      At line 1 in file 3Q.ASM
   Uses
      None
Comment: RESET unused
__Vectors 00000000

Symbol: __Vectors
   Definitions
      At line 3 in file 3Q.ASM
   Uses
      At line 2 in file 3Q.ASM
Comment: __Vectors used once
2 symbols



ARM Macro Assembler    Page 1 Alphabetic symbol ordering
Relocatable symbols

DST 00000024

Symbol: DST
   Definitions
      At line 24 in file 3Q.ASM
   Uses
      At line 12 in file 3Q.ASM
Comment: DST used once
Reset_Handler 00000000

Symbol: Reset_Handler
   Definitions
      At line 10 in file 3Q.ASM
   Uses
      At line 5 in file 3Q.ASM
      At line 9 in file 3Q.ASM

SRC 00000020

Symbol: SRC
   Definitions
      At line 23 in file 3Q.ASM
   Uses
      At line 11 in file 3Q.ASM
Comment: SRC used once
STOP 0000001E

Symbol: STOP
   Definitions
      At line 22 in file 3Q.ASM
   Uses
      At line 22 in file 3Q.ASM
Comment: STOP used once
mycode 00000000

Symbol: mycode
   Definitions
      At line 7 in file 3Q.ASM
   Uses
      None
Comment: mycode unused
5 symbols



ARM Macro Assembler    Page 1 Alphabetic symbol ordering
Relocatable symbols

ANS 00000000

Symbol: ANS
   Definitions
      At line 26 in file 3Q.ASM
   Uses
      At line 13 in file 3Q.ASM
Comment: ANS used once
DATA1 00000000

Symbol: DATA1
   Definitions
      At line 25 in file 3Q.ASM
   Uses
      None
Comment: DATA1 unused
END 00000004

Symbol: END
   Definitions
      At line 27 in file 3Q.ASM
   Uses
      None
Comment: END unused
3 symbols
343 symbols in table
